********************  CBP3  Start ***********************
Trace:            ../traces/CLIENT13.bz2
Uops to simulate: Whole Trace

Trace is compressed by bzip2.

Loading trace...
Trace: start_cycle:3338918 end_cycle:34131152 start fetch_q:64 alloc_q:64
Trace loaded.

Reader max_mem: 183.45 M
Reader info_mem: 2.60 M

*********  RUN  1   *********
Predictor:gselect
config: 262144 targets,  64 KB cost
Trace signature self checking: passed!

Total cycles:                         30792235

Num_Inst:                             32871893
Num_Uops:                             50000002

Num_cond_br:                          4118923
Mispred_cond_br:                      135831
Mispred_penalty_cond_br:              15897515
Conditional_MPKI:                     4.1321
Conditional_MR:                       0.0330
Final Score Run1_Conditional_MPPKI:   483.6203

Num_ind_br:                           319222
Mispred_ind_br:                       319222
Mispred_penalty_ind_br:               29430790
Indirect_MPKI:                        9.7111
Indirect_MR:                          1.0000
Final Score Run1_Indirect_MPPKI:      895.3178

Simulation Time: 26 Seconds

********************  CBP3  End   ***********************
Total Simulation Time: 34 Seconds
