********************  CBP3  Start ***********************
Trace:            ../traces/CLIENT16.bz2
Uops to simulate: Whole Trace

Trace is compressed by bzip2.

Loading trace...
Trace: start_cycle:2693693 end_cycle:29669870 start fetch_q:63 alloc_q:63
Trace loaded.

Reader max_mem: 185.40 M
Reader info_mem: 2.43 M

*********  RUN  1   *********
Predictor:gselect
config: 262144 targets,  64 KB cost
Trace signature self checking: passed!

Total cycles:                         26976178

Num_Inst:                             35545580
Num_Uops:                             50000001

Num_cond_br:                          4451906
Mispred_cond_br:                      145928
Mispred_penalty_cond_br:              18768557
Conditional_MPKI:                     4.1054
Conditional_MR:                       0.0328
Final Score Run1_Conditional_MPPKI:   528.0138

Num_ind_br:                           641194
Mispred_ind_br:                       641194
Mispred_penalty_ind_br:               70720793
Indirect_MPKI:                        18.0386
Indirect_MR:                          1.0000
Final Score Run1_Indirect_MPPKI:      1989.5805

Simulation Time: 25 Seconds

********************  CBP3  End   ***********************
Total Simulation Time: 33 Seconds
