********************  CBP3  Start ***********************
Trace:            ../traces/WS01.bz2
Uops to simulate: Whole Trace

Trace is compressed by bzip2.

Loading trace...
Trace: start_cycle:3221514 end_cycle:37439336 start fetch_q:63 alloc_q:63
Trace loaded.

Reader max_mem: 179.46 M
Reader info_mem: 0.68 M

*********  RUN  1   *********
Predictor:gselect
config: 262144 targets,  64 KB cost
Trace signature self checking: passed!

Total cycles:                         34217823

Num_Inst:                             38041495
Num_Uops:                             50000001

Num_cond_br:                          4840286
Mispred_cond_br:                      264031
Mispred_penalty_cond_br:              31950029
Conditional_MPKI:                     6.9406
Conditional_MR:                       0.0545
Final Score Run1_Conditional_MPPKI:   839.8731

Num_ind_br:                           586942
Mispred_ind_br:                       586942
Mispred_penalty_ind_br:               80599036
Indirect_MPKI:                        15.4290
Indirect_MR:                          1.0000
Final Score Run1_Indirect_MPPKI:      2118.7137

Simulation Time: 26 Seconds

********************  CBP3  End   ***********************
Total Simulation Time: 34 Seconds
