********************  CBP3  Start ***********************
Trace:            ../traces/WS04.bz2
Uops to simulate: Whole Trace

Trace is compressed by bzip2.

Loading trace...
Trace: start_cycle:3250697 end_cycle:26546631 start fetch_q:63 alloc_q:63
Trace loaded.

Reader max_mem: 226.88 M
Reader info_mem: 1.04 M

*********  RUN  1   *********
Predictor:gselect
config: 262144 targets,  64 KB cost
Trace signature self checking: passed!

Total cycles:                         23295935

Num_Inst:                             42192243
Num_Uops:                             50000001

Num_cond_br:                          4100952
Mispred_cond_br:                      1083628
Mispred_penalty_cond_br:              74622299
Conditional_MPKI:                     25.6831
Conditional_MR:                       0.2642
Final Score Run1_Conditional_MPPKI:   1768.6260

Num_ind_br:                           282254
Mispred_ind_br:                       282254
Mispred_penalty_ind_br:               22354313
Indirect_MPKI:                        6.6897
Indirect_MR:                          1.0000
Final Score Run1_Indirect_MPPKI:      529.8204

Simulation Time: 26 Seconds

********************  CBP3  End   ***********************
Total Simulation Time: 36 Seconds
