********************  CBP3  Start ***********************
Trace:            ../traces/CLIENT08.bz2
Uops to simulate: Whole Trace

Trace is compressed by bzip2.

Loading trace...
Trace: start_cycle:2020348 end_cycle:23171888 start fetch_q:63 alloc_q:63
Trace loaded.

Reader max_mem: 167.88 M
Reader info_mem: 1.20 M

*********  RUN  1   *********
Predictor:gshare
config: 262144 counters, 64 KB cost
Trace signature self checking: passed!

Total cycles:                         21151541

Num_Inst:                             28288713
Num_Uops:                             50000001

Num_cond_br:                          3488924
Mispred_cond_br:                      225849
Mispred_penalty_cond_br:              20372754
Conditional_MPKI:                     7.9837
Conditional_MR:                       0.0647
Final Score Run1_Conditional_MPPKI:   720.1725

Num_ind_br:                           799106
Mispred_ind_br:                       799106
Mispred_penalty_ind_br:               63734624
Indirect_MPKI:                        28.2482
Indirect_MR:                          1.0000
Final Score Run1_Indirect_MPPKI:      2253.0054

Simulation Time: 28 Seconds

********************  CBP3  End   ***********************
Total Simulation Time: 34 Seconds
