********************  CBP3  Start ***********************
Trace:            ../traces/CLIENT14.bz2
Uops to simulate: Whole Trace

Trace is compressed by bzip2.

Loading trace...
Trace: start_cycle:2830537 end_cycle:36161880 start fetch_q:67 alloc_q:67
Trace loaded.

Reader max_mem: 199.05 M
Reader info_mem: 4.49 M

*********  RUN  1   *********
Predictor:gshare
config: 262144 counters, 64 KB cost
Trace signature self checking: passed!

Total cycles:                         33331344

Num_Inst:                             35668929
Num_Uops:                             49999997

Num_cond_br:                          4182243
Mispred_cond_br:                      129480
Mispred_penalty_cond_br:              20909362
Conditional_MPKI:                     3.6301
Conditional_MR:                       0.0310
Final Score Run1_Conditional_MPPKI:   586.2066

Num_ind_br:                           641098
Mispred_ind_br:                       641098
Mispred_penalty_ind_br:               74830739
Indirect_MPKI:                        17.9736
Indirect_MR:                          1.0000
Final Score Run1_Indirect_MPPKI:      2097.9250

Simulation Time: 25 Seconds

********************  CBP3  End   ***********************
Total Simulation Time: 33 Seconds
