********************  CBP3  Start ***********************
Trace:            ../traces/INT05.bz2
Uops to simulate: Whole Trace

Trace is compressed by bzip2.

Loading trace...
Trace: start_cycle:3372174 end_cycle:36233692 start fetch_q:63 alloc_q:63
Trace loaded.

Reader max_mem: 185.82 M
Reader info_mem: 0.86 M

*********  RUN  1   *********
Predictor:gshare
config: 262144 counters, 64 KB cost
Trace signature self checking: passed!

Total cycles:                         32861519

Num_Inst:                             44071230
Num_Uops:                             50000002

Num_cond_br:                          2977393
Mispred_cond_br:                      162987
Mispred_penalty_cond_br:              15404699
Conditional_MPKI:                     3.6983
Conditional_MR:                       0.0547
Final Score Run1_Conditional_MPPKI:   349.5409

Num_ind_br:                           216004
Mispred_ind_br:                       216004
Mispred_penalty_ind_br:               19086878
Indirect_MPKI:                        4.9012
Indirect_MR:                          1.0000
Final Score Run1_Indirect_MPPKI:      433.0916

Simulation Time: 25 Seconds

********************  CBP3  End   ***********************
Total Simulation Time: 33 Seconds
