********************  CBP3  Start ***********************
Trace:            ../traces/SERVER04.bz2
Uops to simulate: Whole Trace

Trace is compressed by bzip2.

Loading trace...
Trace: start_cycle:5521264 end_cycle:43874177 start fetch_q:72 alloc_q:72
Trace loaded.

Reader max_mem: 192.89 M
Reader info_mem: 2.55 M

*********  RUN  1   *********
Predictor:gshare
config: 262144 counters, 64 KB cost
Trace signature self checking: passed!

Total cycles:                         38352914

Num_Inst:                             35590738
Num_Uops:                             49999992

Num_cond_br:                          3763786
Mispred_cond_br:                      135207
Mispred_penalty_cond_br:              24191828
Conditional_MPKI:                     3.7989
Conditional_MR:                       0.0359
Final Score Run1_Conditional_MPPKI:   679.7226

Num_ind_br:                           285304
Mispred_ind_br:                       285304
Mispred_penalty_ind_br:               35320321
Indirect_MPKI:                        8.0162
Indirect_MR:                          1.0000
Final Score Run1_Indirect_MPPKI:      992.4020

Simulation Time: 28 Seconds

********************  CBP3  End   ***********************
Total Simulation Time: 39 Seconds
