********************  CBP3  Start ***********************
Trace:            ../traces/INT02.bz2
Uops to simulate: Whole Trace

Trace is compressed by bzip2.

Loading trace...
Trace: start_cycle:4533782 end_cycle:28543960 start fetch_q:63 alloc_q:63
Trace loaded.

Reader max_mem: 177.13 M
Reader info_mem: 0.16 M

*********  RUN  1   *********
Predictor:bimodal
config: 524288 counters, 64 KB cost
Trace signature self checking: passed!

Total cycles:                         24010179

Num_Inst:                             46069563
Num_Uops:                             50000001

Num_cond_br:                          5403821
Mispred_cond_br:                      1056864
Mispred_penalty_cond_br:              96563469
Conditional_MPKI:                     22.9406
Conditional_MR:                       0.1956
Final Score Run1_Conditional_MPPKI:   2096.0361

Num_ind_br:                           451
Mispred_ind_br:                       451
Mispred_penalty_ind_br:               141287
Indirect_MPKI:                        0.0098
Indirect_MR:                          1.0000
Final Score Run1_Indirect_MPPKI:      3.0668

Simulation Time: 24 Seconds

********************  CBP3  End   ***********************
Total Simulation Time: 33 Seconds
