********************  CBP3  Start ***********************
Trace:            ../traces/INT01.bz2
Uops to simulate: Whole Trace

Trace is compressed by bzip2.

Loading trace...
Trace: start_cycle:2784350 end_cycle:26062762 start fetch_q:63 alloc_q:63
Trace loaded.

Reader max_mem: 175.38 M
Reader info_mem: 0.11 M

*********  RUN  1   *********
Predictor:bimodal
config: 524288 counters, 64 KB cost
Trace signature self checking: passed!

Total cycles:                         23278413

Num_Inst:                             49807626
Num_Uops:                             50000001

Num_cond_br:                          5988668
Mispred_cond_br:                      1439917
Mispred_penalty_cond_br:              129286696
Conditional_MPKI:                     28.9096
Conditional_MR:                       0.2404
Final Score Run1_Conditional_MPPKI:   2595.7209

Num_ind_br:                           462
Mispred_ind_br:                       462
Mispred_penalty_ind_br:               41121
Indirect_MPKI:                        0.0093
Indirect_MR:                          1.0000
Final Score Run1_Indirect_MPPKI:      0.8256

Simulation Time: 24 Seconds

********************  CBP3  End   ***********************
Total Simulation Time: 32 Seconds
