********************  CBP3  Start ***********************
Trace:            ../traces/INT06.bz2
Uops to simulate: Whole Trace

Trace is compressed by bzip2.

Loading trace...
Trace: start_cycle:3582828 end_cycle:38386753 start fetch_q:63 alloc_q:63
Trace loaded.

Reader max_mem: 187.12 M
Reader info_mem: 0.81 M

*********  RUN  1   *********
Predictor:bimodal
config: 524288 counters, 64 KB cost
Trace signature self checking: passed!

Total cycles:                         34803926

Num_Inst:                             43201532
Num_Uops:                             50000001

Num_cond_br:                          2891509
Mispred_cond_br:                      379793
Mispred_penalty_cond_br:              36461235
Conditional_MPKI:                     8.7912
Conditional_MR:                       0.1313
Final Score Run1_Conditional_MPPKI:   843.9801

Num_ind_br:                           201609
Mispred_ind_br:                       201609
Mispred_penalty_ind_br:               17820820
Indirect_MPKI:                        4.6667
Indirect_MR:                          1.0000
Final Score Run1_Indirect_MPPKI:      412.5044

Simulation Time: 25 Seconds

********************  CBP3  End   ***********************
Total Simulation Time: 34 Seconds
