********************  CBP3  Start ***********************
Trace:            ../traces/MM04.bz2
Uops to simulate: Whole Trace

Trace is compressed by bzip2.

Loading trace...
Trace: start_cycle:3527804 end_cycle:38178502 start fetch_q:63 alloc_q:63
Trace loaded.

Reader max_mem: 194.56 M
Reader info_mem: 1.13 M

*********  RUN  1   *********
Predictor:bimodal
config: 524288 counters, 64 KB cost
Trace signature self checking: passed!

Total cycles:                         34650699

Num_Inst:                             36980364
Num_Uops:                             50000001

Num_cond_br:                          3767883
Mispred_cond_br:                      909163
Mispred_penalty_cond_br:              109922631
Conditional_MPKI:                     24.5850
Conditional_MR:                       0.2413
Final Score Run1_Conditional_MPPKI:   2972.4594

Num_ind_br:                           201712
Mispred_ind_br:                       201712
Mispred_penalty_ind_br:               20124099
Indirect_MPKI:                        5.4546
Indirect_MR:                          1.0000
Final Score Run1_Indirect_MPPKI:      544.1834

Simulation Time: 25 Seconds

********************  CBP3  End   ***********************
Total Simulation Time: 35 Seconds
