********************  CBP3  Start ***********************
Trace:            ../traces/CLIENT14.bz2
Uops to simulate: Whole Trace

Trace is compressed by bzip2.

Loading trace...
Trace: start_cycle:2830537 end_cycle:36161880 start fetch_q:67 alloc_q:67
Trace loaded.

Reader max_mem: 199.05 M
Reader info_mem: 4.49 M

*********  RUN  1   *********
Predictor:hybrid(gshare/gselect)
config: 262144 gshare targets, 262144 gselect targets, 262144 meta-predictor targets,  192 KB total cost
Trace signature self checking: passed!

Total cycles:                         33331344

Num_Inst:                             35668929
Num_Uops:                             49999997

Num_cond_br:                          4182243
Mispred_cond_br:                      138157
Mispred_penalty_cond_br:              21924240
Conditional_MPKI:                     3.8733
Conditional_MR:                       0.0330
Final Score Run1_Conditional_MPPKI:   614.6593

Num_ind_br:                           641098
Mispred_ind_br:                       641098
Mispred_penalty_ind_br:               74830739
Indirect_MPKI:                        17.9736
Indirect_MR:                          1.0000
Final Score Run1_Indirect_MPPKI:      2097.9250

Simulation Time: 30 Seconds

********************  CBP3  End   ***********************
Total Simulation Time: 40 Seconds
