********************  CBP3  Start ***********************
Trace:            ../traces/INT01.bz2
Uops to simulate: Whole Trace

Trace is compressed by bzip2.

Loading trace...
Trace: start_cycle:2784350 end_cycle:26062762 start fetch_q:63 alloc_q:63
Trace loaded.

Reader max_mem: 175.38 M
Reader info_mem: 0.11 M

*********  RUN  1   *********
Predictor:hybrid(gshare/gselect)
config: 262144 gshare targets, 262144 gselect targets, 262144 meta-predictor targets,  192 KB total cost
Trace signature self checking: passed!

Total cycles:                         23278413

Num_Inst:                             49807626
Num_Uops:                             50000001

Num_cond_br:                          5988668
Mispred_cond_br:                      690652
Mispred_penalty_cond_br:              62264050
Conditional_MPKI:                     13.8664
Conditional_MR:                       0.1153
Final Score Run1_Conditional_MPPKI:   1250.0907

Num_ind_br:                           462
Mispred_ind_br:                       462
Mispred_penalty_ind_br:               41121
Indirect_MPKI:                        0.0093
Indirect_MR:                          1.0000
Final Score Run1_Indirect_MPPKI:      0.8256

Simulation Time: 28 Seconds

********************  CBP3  End   ***********************
Total Simulation Time: 39 Seconds
