********************  CBP3  Start ***********************
Trace:            ../traces/INT06.bz2
Uops to simulate: Whole Trace

Trace is compressed by bzip2.

Loading trace...
Trace: start_cycle:3582828 end_cycle:38386753 start fetch_q:63 alloc_q:63
Trace loaded.

Reader max_mem: 187.12 M
Reader info_mem: 0.81 M

*********  RUN  1   *********
Predictor:hybrid(gshare/gselect)
config: 262144 gshare targets, 262144 gselect targets, 262144 meta-predictor targets,  192 KB total cost
Trace signature self checking: passed!

Total cycles:                         34803926

Num_Inst:                             43201532
Num_Uops:                             50000001

Num_cond_br:                          2891509
Mispred_cond_br:                      166339
Mispred_penalty_cond_br:              16297750
Conditional_MPKI:                     3.8503
Conditional_MR:                       0.0575
Final Score Run1_Conditional_MPPKI:   377.2494

Num_ind_br:                           201609
Mispred_ind_br:                       201609
Mispred_penalty_ind_br:               17820820
Indirect_MPKI:                        4.6667
Indirect_MR:                          1.0000
Final Score Run1_Indirect_MPPKI:      412.5044

Simulation Time: 32 Seconds

********************  CBP3  End   ***********************
Total Simulation Time: 41 Seconds
