********************  CBP3  Start ***********************
Trace:            ../traces/MM02.bz2
Uops to simulate: Whole Trace

Trace is compressed by bzip2.

Loading trace...
Trace: start_cycle:2516683 end_cycle:38863938 start fetch_q:63 alloc_q:63
Trace loaded.

Reader max_mem: 201.23 M
Reader info_mem: 2.71 M

*********  RUN  1   *********
Predictor:hybrid(gshare/gselect)
config: 262144 gshare targets, 262144 gselect targets, 262144 meta-predictor targets,  192 KB total cost
Trace signature self checking: passed!

Total cycles:                         36347256

Num_Inst:                             35716548
Num_Uops:                             50000003

Num_cond_br:                          3973345
Mispred_cond_br:                      239350
Mispred_penalty_cond_br:              28212932
Conditional_MPKI:                     6.7014
Conditional_MR:                       0.0602
Final Score Run1_Conditional_MPPKI:   789.9121

Num_ind_br:                           100313
Mispred_ind_br:                       100313
Mispred_penalty_ind_br:               10412880
Indirect_MPKI:                        2.8086
Indirect_MR:                          1.0000
Final Score Run1_Indirect_MPPKI:      291.5422

Simulation Time: 34 Seconds

********************  CBP3  End   ***********************
Total Simulation Time: 44 Seconds
