********************  CBP3  Start ***********************
Trace:            ../traces/SERVER04.bz2
Uops to simulate: Whole Trace

Trace is compressed by bzip2.

Loading trace...
Trace: start_cycle:5521264 end_cycle:43874177 start fetch_q:72 alloc_q:72
Trace loaded.

Reader max_mem: 192.89 M
Reader info_mem: 2.55 M

*********  RUN  1   *********
Predictor:hybrid(gshare/gselect)
config: 262144 gshare targets, 262144 gselect targets, 262144 meta-predictor targets,  192 KB total cost
Trace signature self checking: passed!

Total cycles:                         38352914

Num_Inst:                             35590738
Num_Uops:                             49999992

Num_cond_br:                          3763786
Mispred_cond_br:                      121725
Mispred_penalty_cond_br:              22687649
Conditional_MPKI:                     3.4201
Conditional_MR:                       0.0323
Final Score Run1_Conditional_MPPKI:   637.4594

Num_ind_br:                           285304
Mispred_ind_br:                       285304
Mispred_penalty_ind_br:               35320321
Indirect_MPKI:                        8.0162
Indirect_MR:                          1.0000
Final Score Run1_Indirect_MPPKI:      992.4020

Simulation Time: 28 Seconds

********************  CBP3  End   ***********************
Total Simulation Time: 38 Seconds
