********************  CBP3  Start ***********************
Trace:            ../traces/WS01.bz2
Uops to simulate: Whole Trace

Trace is compressed by bzip2.

Loading trace...
Trace: start_cycle:3221514 end_cycle:37439336 start fetch_q:63 alloc_q:63
Trace loaded.

Reader max_mem: 179.46 M
Reader info_mem: 0.68 M

*********  RUN  1   *********
Predictor:hybrid(gshare/gselect)
config: 262144 gshare targets, 262144 gselect targets, 262144 meta-predictor targets,  192 KB total cost
Trace signature self checking: passed!

Total cycles:                         34217823

Num_Inst:                             38041495
Num_Uops:                             50000001

Num_cond_br:                          4840286
Mispred_cond_br:                      230974
Mispred_penalty_cond_br:              28254231
Conditional_MPKI:                     6.0716
Conditional_MR:                       0.0477
Final Score Run1_Conditional_MPPKI:   742.7214

Num_ind_br:                           586942
Mispred_ind_br:                       586942
Mispred_penalty_ind_br:               80599036
Indirect_MPKI:                        15.4290
Indirect_MR:                          1.0000
Final Score Run1_Indirect_MPPKI:      2118.7137

Simulation Time: 32 Seconds

********************  CBP3  End   ***********************
Total Simulation Time: 41 Seconds
