********************  CBP3  Start ***********************
Trace:            ../traces/WS05.bz2
Uops to simulate: Whole Trace

Trace is compressed by bzip2.

Loading trace...
Trace: start_cycle:5100638 end_cycle:46460324 start fetch_q:64 alloc_q:64
Trace loaded.

Reader max_mem: 193.29 M
Reader info_mem: 1.25 M

*********  RUN  1   *********
Predictor:hybrid(gshare/gselect)
config: 262144 gshare targets, 262144 gselect targets, 262144 meta-predictor targets,  192 KB total cost
Trace signature self checking: passed!

Total cycles:                         41359687

Num_Inst:                             34863090
Num_Uops:                             50000000

Num_cond_br:                          3507220
Mispred_cond_br:                      101296
Mispred_penalty_cond_br:              13739390
Conditional_MPKI:                     2.9055
Conditional_MR:                       0.0289
Final Score Run1_Conditional_MPPKI:   394.0956

Num_ind_br:                           535148
Mispred_ind_br:                       535148
Mispred_penalty_ind_br:               58149387
Indirect_MPKI:                        15.3500
Indirect_MR:                          1.0000
Final Score Run1_Indirect_MPPKI:      1667.9355

Simulation Time: 38 Seconds

********************  CBP3  End   ***********************
Total Simulation Time: 50 Seconds
