********************  CBP3  Start ***********************
Trace:            ../traces/MM02.bz2
Uops to simulate: Whole Trace

Trace is compressed by bzip2.

Loading trace...
Trace: start_cycle:2516683 end_cycle:38863938 start fetch_q:63 alloc_q:63
Trace loaded.

Reader max_mem: 201.23 M
Reader info_mem: 2.71 M

*********  RUN  1   *********
Predictor:hybrid(bimodal/gshare)
config: 524288 bimodal targets, 262144 gshare targets, 262144 meta-predictor targets,  192 KB total cost
Trace signature self checking: passed!

Total cycles:                         36347256

Num_Inst:                             35716548
Num_Uops:                             50000003

Num_cond_br:                          3973345
Mispred_cond_br:                      259209
Mispred_penalty_cond_br:              31071232
Conditional_MPKI:                     7.2574
Conditional_MR:                       0.0652
Final Score Run1_Conditional_MPPKI:   869.9394

Num_ind_br:                           100313
Mispred_ind_br:                       100313
Mispred_penalty_ind_br:               10412880
Indirect_MPKI:                        2.8086
Indirect_MR:                          1.0000
Final Score Run1_Indirect_MPPKI:      291.5422

Simulation Time: 31 Seconds

********************  CBP3  End   ***********************
Total Simulation Time: 43 Seconds
