********************  CBP3  Start ***********************
Trace:            ../traces/SERVER03.bz2
Uops to simulate: Whole Trace

Trace is compressed by bzip2.

Loading trace...
Trace: start_cycle:5997699 end_cycle:49962300 start fetch_q:63 alloc_q:63
Trace loaded.

Reader max_mem: 206.03 M
Reader info_mem: 5.34 M

*********  RUN  1   *********
Predictor:hybrid(bimodal/gshare)
config: 524288 bimodal targets, 262144 gshare targets, 262144 meta-predictor targets,  192 KB total cost
Trace signature self checking: passed!

Total cycles:                         43964602

Num_Inst:                             36560763
Num_Uops:                             50000002

Num_cond_br:                          3736158
Mispred_cond_br:                      103677
Mispred_penalty_cond_br:              15021606
Conditional_MPKI:                     2.8357
Conditional_MR:                       0.0277
Final Score Run1_Conditional_MPPKI:   410.8669

Num_ind_br:                           243189
Mispred_ind_br:                       243189
Mispred_penalty_ind_br:               37413527
Indirect_MPKI:                        6.6516
Indirect_MR:                          1.0000
Final Score Run1_Indirect_MPPKI:      1023.3246

Simulation Time: 34 Seconds

********************  CBP3  End   ***********************
Total Simulation Time: 47 Seconds
