********************  CBP3  Start ***********************
Trace:            ../traces/CLIENT07.bz2
Uops to simulate: Whole Trace

Trace is compressed by bzip2.

Loading trace...
Trace: start_cycle:4051629 end_cycle:31623535 start fetch_q:63 alloc_q:63
Trace loaded.

Reader max_mem: 191.57 M
Reader info_mem: 2.98 M

*********  RUN  1   *********
Predictor:hybrid(gshare/gselect)
config: 262144 gshare targets, 262144 gselect targets, 262144 meta-predictor targets,  192 KB total cost
Trace signature self checking: passed!

Total cycles:                         27571907

Num_Inst:                             39895016
Num_Uops:                             50000001

Num_cond_br:                          5655861
Mispred_cond_br:                      209660
Mispred_penalty_cond_br:              27298808
Conditional_MPKI:                     5.2553
Conditional_MR:                       0.0371
Final Score Run1_Conditional_MPPKI:   684.2661

Num_ind_br:                           183892
Mispred_ind_br:                       183892
Mispred_penalty_ind_br:               18786071
Indirect_MPKI:                        4.6094
Indirect_MR:                          1.0000
Final Score Run1_Indirect_MPPKI:      470.8877

Simulation Time: 25 Seconds

********************  CBP3  End   ***********************
Total Simulation Time: 33 Seconds
