********************  CBP3  Start ***********************
Trace:            ../traces/CLIENT12.bz2
Uops to simulate: Whole Trace

Trace is compressed by bzip2.

Loading trace...
Trace: start_cycle:4020795 end_cycle:38953594 start fetch_q:63 alloc_q:63
Trace loaded.

Reader max_mem: 203.68 M
Reader info_mem: 5.08 M

*********  RUN  1   *********
Predictor:perceptron
config: 16384 weights, 32 path histories,  17 KB cost
Trace signature self checking: passed!

Total cycles:                         34932800

Num_Inst:                             36069781
Num_Uops:                             50000003

Num_cond_br:                          3678075
Mispred_cond_br:                      165895
Mispred_penalty_cond_br:              21979623
Conditional_MPKI:                     4.5993
Conditional_MR:                       0.0451
Final Score Run1_Conditional_MPPKI:   609.3639

Num_ind_br:                           777765
Mispred_ind_br:                       777765
Mispred_penalty_ind_br:               78617189
Indirect_MPKI:                        21.5628
Indirect_MR:                          1.0000
Final Score Run1_Indirect_MPPKI:      2179.5860

Simulation Time: 29 Seconds

********************  CBP3  End   ***********************
Total Simulation Time: 43 Seconds
