********************  CBP3  Start ***********************
Trace:            ../traces/INT03.bz2
Uops to simulate: Whole Trace

Trace is compressed by bzip2.

Loading trace...
Trace: start_cycle:3051084 end_cycle:33083064 start fetch_q:65 alloc_q:65
Trace loaded.

Reader max_mem: 171.03 M
Reader info_mem: 0.24 M

*********  RUN  1   *********
Predictor:perceptron
config: 16384 weights, 32 path histories,  17 KB cost
Trace signature self checking: passed!

Total cycles:                         30031981

Num_Inst:                             39312024
Num_Uops:                             49999999

Num_cond_br:                          5114376
Mispred_cond_br:                      998
Mispred_penalty_cond_br:              292237
Conditional_MPKI:                     0.0254
Conditional_MR:                       0.0002
Final Score Run1_Conditional_MPPKI:   7.4338

Num_ind_br:                           907329
Mispred_ind_br:                       907329
Mispred_penalty_ind_br:               90509103
Indirect_MPKI:                        23.0802
Indirect_MR:                          1.0000
Final Score Run1_Indirect_MPPKI:      2302.3262

Simulation Time: 28 Seconds

********************  CBP3  End   ***********************
Total Simulation Time: 32 Seconds
