********************  CBP3  Start ***********************
Trace:            ../traces/INT05.bz2
Uops to simulate: Whole Trace

Trace is compressed by bzip2.

Loading trace...
Trace: start_cycle:3372174 end_cycle:36233692 start fetch_q:63 alloc_q:63
Trace loaded.

Reader max_mem: 185.82 M
Reader info_mem: 0.86 M

*********  RUN  1   *********
Predictor:perceptron
config: 16384 weights, 32 path histories,  17 KB cost
Trace signature self checking: passed!

Total cycles:                         32861519

Num_Inst:                             44071230
Num_Uops:                             50000002

Num_cond_br:                          2977393
Mispred_cond_br:                      143872
Mispred_penalty_cond_br:              13413654
Conditional_MPKI:                     3.2645
Conditional_MR:                       0.0483
Final Score Run1_Conditional_MPPKI:   304.3631

Num_ind_br:                           216004
Mispred_ind_br:                       216004
Mispred_penalty_ind_br:               19086878
Indirect_MPKI:                        4.9012
Indirect_MR:                          1.0000
Final Score Run1_Indirect_MPPKI:      433.0916

Simulation Time: 29 Seconds

********************  CBP3  End   ***********************
Total Simulation Time: 37 Seconds
