********************  CBP3  Start ***********************
Trace:            ../traces/MM04.bz2
Uops to simulate: Whole Trace

Trace is compressed by bzip2.

Loading trace...
Trace: start_cycle:3527804 end_cycle:38178502 start fetch_q:63 alloc_q:63
Trace loaded.

Reader max_mem: 194.56 M
Reader info_mem: 1.13 M

*********  RUN  1   *********
Predictor:perceptron
config: 16384 weights, 32 path histories,  17 KB cost
Trace signature self checking: passed!

Total cycles:                         34650699

Num_Inst:                             36980364
Num_Uops:                             50000001

Num_cond_br:                          3767883
Mispred_cond_br:                      134687
Mispred_penalty_cond_br:              17620782
Conditional_MPKI:                     3.6421
Conditional_MR:                       0.0357
Final Score Run1_Conditional_MPPKI:   476.4902

Num_ind_br:                           201712
Mispred_ind_br:                       201712
Mispred_penalty_ind_br:               20124099
Indirect_MPKI:                        5.4546
Indirect_MR:                          1.0000
Final Score Run1_Indirect_MPPKI:      544.1834

Simulation Time: 28 Seconds

********************  CBP3  End   ***********************
Total Simulation Time: 36 Seconds
