********************  CBP3  Start ***********************
Trace:            ../traces/SERVER05.bz2
Uops to simulate: Whole Trace

Trace is compressed by bzip2.

Loading trace...
Trace: start_cycle:5875436 end_cycle:48873257 start fetch_q:63 alloc_q:63
Trace loaded.

Reader max_mem: 194.01 M
Reader info_mem: 2.33 M

*********  RUN  1   *********
Predictor:perceptron
config: 16384 weights, 32 path histories,  17 KB cost
Trace signature self checking: passed!

Total cycles:                         42997822

Num_Inst:                             34709319
Num_Uops:                             50000001

Num_cond_br:                          3722322
Mispred_cond_br:                      79302
Mispred_penalty_cond_br:              16428065
Conditional_MPKI:                     2.2847
Conditional_MR:                       0.0213
Final Score Run1_Conditional_MPPKI:   473.3042

Num_ind_br:                           364559
Mispred_ind_br:                       364559
Mispred_penalty_ind_br:               50382145
Indirect_MPKI:                        10.5032
Indirect_MR:                          1.0000
Final Score Run1_Indirect_MPPKI:      1451.5452

Simulation Time: 30 Seconds

********************  CBP3  End   ***********************
Total Simulation Time: 40 Seconds
