********************  CBP3  Start ***********************
Trace:            ../traces/WS03.bz2
Uops to simulate: Whole Trace

Trace is compressed by bzip2.

Loading trace...
Trace: start_cycle:10359439 end_cycle:69606226 start fetch_q:64 alloc_q:64
Trace loaded.

Reader max_mem: 230.64 M
Reader info_mem: 0.02 M

*********  RUN  1   *********
Predictor:perceptron
config: 16384 weights, 32 path histories,  17 KB cost
Trace signature self checking: passed!

Total cycles:                         59246788

Num_Inst:                             50000001
Num_Uops:                             50000001

Num_cond_br:                          7318202
Mispred_cond_br:                      1022956
Mispred_penalty_cond_br:              196665246
Conditional_MPKI:                     20.4591
Conditional_MR:                       0.1398
Final Score Run1_Conditional_MPPKI:   3933.3048

Num_ind_br:                           0
Mispred_ind_br:                       0
Mispred_penalty_ind_br:               0
Indirect_MPKI:                        0.0000
Indirect_MR:                          -nan
Final Score Run1_Indirect_MPPKI:      0.0000

Simulation Time: 30 Seconds

********************  CBP3  End   ***********************
Total Simulation Time: 42 Seconds
