********************  CBP3  Start ***********************
Trace:            ../traces/CLIENT07.bz2
Uops to simulate: Whole Trace

Trace is compressed by bzip2.

Loading trace...
Trace: start_cycle:4051629 end_cycle:31623535 start fetch_q:63 alloc_q:63
Trace loaded.

Reader max_mem: 191.57 M
Reader info_mem: 2.98 M

*********  RUN  1   *********
Predictor:2-bit counter indexed by PC, shared hysteresis
config: 32768 prediction table entries, 8192 shared hysteresis entries, 6 KB cost
Trace signature self checking: passed!

Total cycles:                         27571907

Num_Inst:                             39895016
Num_Uops:                             50000001

Num_cond_br:                          5655861
Mispred_cond_br:                      342821
Mispred_penalty_cond_br:              40042695
Conditional_MPKI:                     8.5931
Conditional_MR:                       0.0606
Final Score Run1_Conditional_MPPKI:   1003.7017

Num_ind_br:                           183892
Mispred_ind_br:                       183892
Mispred_penalty_ind_br:              18786071
Indirect_MPKI:                        4.6094
Indirect_MR:                          1.0000
Final Score Run1_Indirect_MPPKI:      470.8877

Simulation Time: 28 Seconds

********************  CBP3  End   ***********************
Total Simulation Time: 38 Seconds
