********************  CBP3  Start ***********************
Trace:            ../traces/CLIENT03.bz2
Uops to simulate: Whole Trace

Trace is compressed by bzip2.

Loading trace...
Trace: start_cycle:3784469 end_cycle:35333606 start fetch_q:63 alloc_q:63
Trace loaded.

Reader max_mem: 179.68 M
Reader info_mem: 2.05 M

*********  RUN  1   *********
Predictor:2-bit counter indexed by PC, shared hysteresis
config: 32768 prediction table entries, 8192 shared hysteresis entries, 6 KB cost
Trace signature self checking: passed!

Total cycles:                         31549138

Num_Inst:                             36072078
Num_Uops:                             50000002

Num_cond_br:                          4797614
Mispred_cond_br:                      281646
Mispred_penalty_cond_br:              26694443
Conditional_MPKI:                     7.8079
Conditional_MR:                       0.0587
Final Score Run1_Conditional_MPPKI:   740.0306

Num_ind_br:                           388423
Mispred_ind_br:                       388423
Mispred_penalty_ind_br:              32527677
Indirect_MPKI:                        10.7680
Indirect_MR:                          1.0000
Final Score Run1_Indirect_MPPKI:      901.7411

Simulation Time: 25 Seconds

********************  CBP3  End   ***********************
Total Simulation Time: 33 Seconds
