********************  CBP3  Start ***********************
Trace:            ../traces/CLIENT09.bz2
Uops to simulate: Whole Trace

Trace is compressed by bzip2.

Loading trace...
Trace: start_cycle:3370368 end_cycle:26282270 start fetch_q:64 alloc_q:64
Trace loaded.

Reader max_mem: 182.36 M
Reader info_mem: 1.24 M

*********  RUN  1   *********
Predictor:2-bit counter indexed by PC, shared hysteresis
config: 32768 prediction table entries, 8192 shared hysteresis entries, 6 KB cost
Trace signature self checking: passed!

Total cycles:                         22911903

Num_Inst:                             36909834
Num_Uops:                             50000000

Num_cond_br:                          3460425
Mispred_cond_br:                      157466
Mispred_penalty_cond_br:              14743440
Conditional_MPKI:                     4.2662
Conditional_MR:                       0.0455
Final Score Run1_Conditional_MPPKI:   399.4448

Num_ind_br:                           484947
Mispred_ind_br:                       484947
Mispred_penalty_ind_br:              48924604
Indirect_MPKI:                        13.1387
Indirect_MR:                          1.0000
Final Score Run1_Indirect_MPPKI:      1325.5168

Simulation Time: 24 Seconds

********************  CBP3  End   ***********************
Total Simulation Time: 31 Seconds
