********************  CBP3  Start ***********************
Trace:            ../traces/CLIENT15.bz2
Uops to simulate: Whole Trace

Trace is compressed by bzip2.

Loading trace...
Trace: start_cycle:3018512 end_cycle:33173630 start fetch_q:63 alloc_q:63
Trace loaded.

Reader max_mem: 203.40 M
Reader info_mem: 5.32 M

*********  RUN  1   *********
Predictor:2-bit counter indexed by PC, shared hysteresis
config: 32768 prediction table entries, 8192 shared hysteresis entries, 6 KB cost
Trace signature self checking: passed!

Total cycles:                         30155119

Num_Inst:                             33965091
Num_Uops:                             50000001

Num_cond_br:                          4667179
Mispred_cond_br:                      252763
Mispred_penalty_cond_br:              30868359
Conditional_MPKI:                     7.4418
Conditional_MR:                       0.0542
Final Score Run1_Conditional_MPPKI:   908.8260

Num_ind_br:                           566866
Mispred_ind_br:                       566866
Mispred_penalty_ind_br:              61031924
Indirect_MPKI:                        16.6897
Indirect_MR:                          1.0000
Final Score Run1_Indirect_MPPKI:      1796.9015

Simulation Time: 25 Seconds

********************  CBP3  End   ***********************
Total Simulation Time: 34 Seconds
