********************  CBP3  Start ***********************
Trace:            ../traces/CLIENT05.bz2
Uops to simulate: Whole Trace

Trace is compressed by bzip2.

Loading trace...
Trace: start_cycle:8603277 end_cycle:49419130 start fetch_q:63 alloc_q:63
Trace loaded.

Reader max_mem: 220.25 M
Reader info_mem: 8.62 M

*********  RUN  1   *********
Predictor:2-bit counter indexed by PC, shared hysteresis
config: 32768 prediction table entries, 8192 shared hysteresis entries, 6 KB cost
Trace signature self checking: passed!

Total cycles:                         40815854

Num_Inst:                             34758305
Num_Uops:                             50000001

Num_cond_br:                          3866442
Mispred_cond_br:                      281830
Mispred_penalty_cond_br:              28979776
Conditional_MPKI:                     8.1083
Conditional_MR:                       0.0729
Final Score Run1_Conditional_MPPKI:   833.7511

Num_ind_br:                           735577
Mispred_ind_br:                       735577
Mispred_penalty_ind_br:              66501026
Indirect_MPKI:                        21.1626
Indirect_MR:                          1.0000
Final Score Run1_Indirect_MPPKI:      1913.2413

Simulation Time: 28 Seconds

********************  CBP3  End   ***********************
Total Simulation Time: 38 Seconds
