********************  CBP3  Start ***********************
Trace:            ../traces/INT04.bz2
Uops to simulate: Whole Trace

Trace is compressed by bzip2.

Loading trace...
Trace: start_cycle:1853787 end_cycle:20386730 start fetch_q:63 alloc_q:63
Trace loaded.

Reader max_mem: 152.31 M
Reader info_mem: 0.08 M

*********  RUN  1   *********
Predictor:2-bit counter indexed by PC, shared hysteresis
config: 32768 prediction table entries, 8192 shared hysteresis entries, 6 KB cost
Trace signature self checking: passed!

Total cycles:                         18532944

Num_Inst:                             48610604
Num_Uops:                             50000001

Num_cond_br:                          7922551
Mispred_cond_br:                      101643
Mispred_penalty_cond_br:              8356567
Conditional_MPKI:                     2.0910
Conditional_MR:                       0.0128
Final Score Run1_Conditional_MPPKI:   171.9083

Num_ind_br:                           703467
Mispred_ind_br:                       703467
Mispred_penalty_ind_br:              57917962
Indirect_MPKI:                        14.4715
Indirect_MR:                          1.0000
Final Score Run1_Indirect_MPPKI:      1191.4676

Simulation Time: 22 Seconds

********************  CBP3  End   ***********************
Total Simulation Time: 26 Seconds
