********************  CBP3  Start ***********************
Trace:            ../traces/MM04.bz2
Uops to simulate: Whole Trace

Trace is compressed by bzip2.

Loading trace...
Trace: start_cycle:3527804 end_cycle:38178502 start fetch_q:63 alloc_q:63
Trace loaded.

Reader max_mem: 194.56 M
Reader info_mem: 1.13 M

*********  RUN  1   *********
Predictor:2-bit counter indexed by PC, shared hysteresis
config: 32768 prediction table entries, 8192 shared hysteresis entries, 6 KB cost
Trace signature self checking: passed!

Total cycles:                         34650699

Num_Inst:                             36980364
Num_Uops:                             50000001

Num_cond_br:                          3767883
Mispred_cond_br:                      361595
Mispred_penalty_cond_br:              43613443
Conditional_MPKI:                     9.7780
Conditional_MR:                       0.0960
Final Score Run1_Conditional_MPPKI:   1179.3676

Num_ind_br:                           201712
Mispred_ind_br:                       201712
Mispred_penalty_ind_br:              20124099
Indirect_MPKI:                        5.4546
Indirect_MR:                          1.0000
Final Score Run1_Indirect_MPPKI:      544.1834

Simulation Time: 25 Seconds

********************  CBP3  End   ***********************
Total Simulation Time: 34 Seconds
