********************  CBP3  Start ***********************
Trace:            ../traces/MM07.bz2
Uops to simulate: Whole Trace

Trace is compressed by bzip2.

Loading trace...
Trace: start_cycle:5252237 end_cycle:56793500 start fetch_q:63 alloc_q:63
Trace loaded.

Reader max_mem: 194.97 M
Reader info_mem: 0.03 M

*********  RUN  1   *********
Predictor:2-bit counter indexed by PC, shared hysteresis
config: 32768 prediction table entries, 8192 shared hysteresis entries, 6 KB cost
Trace signature self checking: passed!

Total cycles:                         51541264

Num_Inst:                             49965661
Num_Uops:                             50000001

Num_cond_br:                          6177706
Mispred_cond_br:                      1187571
Mispred_penalty_cond_br:              281268171
Conditional_MPKI:                     23.7677
Conditional_MR:                       0.1922
Final Score Run1_Conditional_MPPKI:   5629.2295

Num_ind_br:                           0
Mispred_ind_br:                       0
Mispred_penalty_ind_br:              0
Indirect_MPKI:                        0.0000
Indirect_MR:                          -nan
Final Score Run1_Indirect_MPPKI:      0.0000

Simulation Time: 43 Seconds

********************  CBP3  End   ***********************
Total Simulation Time: 50 Seconds
