********************  CBP3  Start ***********************
Trace:            ../traces/SERVER04.bz2
Uops to simulate: Whole Trace

Trace is compressed by bzip2.

Loading trace...
Trace: start_cycle:5521264 end_cycle:43874177 start fetch_q:72 alloc_q:72
Trace loaded.

Reader max_mem: 192.89 M
Reader info_mem: 2.55 M

*********  RUN  1   *********
Predictor:2-bit counter indexed by PC, shared hysteresis
config: 32768 prediction table entries, 8192 shared hysteresis entries, 6 KB cost
Trace signature self checking: passed!

Total cycles:                         38352914

Num_Inst:                             35590738
Num_Uops:                             49999992

Num_cond_br:                          3763786
Mispred_cond_br:                      273505
Mispred_penalty_cond_br:              42422152
Conditional_MPKI:                     7.6847
Conditional_MR:                       0.0727
Final Score Run1_Conditional_MPPKI:   1191.9436

Num_ind_br:                           285304
Mispred_ind_br:                       285304
Mispred_penalty_ind_br:              35320321
Indirect_MPKI:                        8.0162
Indirect_MR:                          1.0000
Final Score Run1_Indirect_MPPKI:      992.4020

Simulation Time: 28 Seconds

********************  CBP3  End   ***********************
Total Simulation Time: 41 Seconds
