********************  CBP3  Start ***********************
Trace:            ../traces/SERVER03.bz2
Uops to simulate: Whole Trace

Trace is compressed by bzip2.

Loading trace...
Trace: start_cycle:5997699 end_cycle:49962300 start fetch_q:63 alloc_q:63
Trace loaded.

Reader max_mem: 206.03 M
Reader info_mem: 5.34 M

*********  RUN  1   *********
Predictor:2-bit counter indexed by PC, shared hysteresis
config: 32768 prediction table entries, 8192 shared hysteresis entries, 6 KB cost
Trace signature self checking: passed!

Total cycles:                         43964602

Num_Inst:                             36560763
Num_Uops:                             50000002

Num_cond_br:                          3736158
Mispred_cond_br:                      227243
Mispred_penalty_cond_br:              30706822
Conditional_MPKI:                     6.2155
Conditional_MR:                       0.0608
Final Score Run1_Conditional_MPPKI:   839.8846

Num_ind_br:                           243189
Mispred_ind_br:                       243189
Mispred_penalty_ind_br:              37413527
Indirect_MPKI:                        6.6516
Indirect_MR:                          1.0000
Final Score Run1_Indirect_MPPKI:      1023.3246

Simulation Time: 33 Seconds

********************  CBP3  End   ***********************
Total Simulation Time: 44 Seconds
