********************  CBP3  Start ***********************
Trace:            ../traces/WS01.bz2
Uops to simulate: Whole Trace

Trace is compressed by bzip2.

Loading trace...
Trace: start_cycle:3221514 end_cycle:37439336 start fetch_q:63 alloc_q:63
Trace loaded.

Reader max_mem: 179.46 M
Reader info_mem: 0.68 M

*********  RUN  1   *********
Predictor:2-bit counter indexed by PC, shared hysteresis
config: 32768 prediction table entries, 8192 shared hysteresis entries, 6 KB cost
Trace signature self checking: passed!

Total cycles:                         34217823

Num_Inst:                             38041495
Num_Uops:                             50000001

Num_cond_br:                          4840286
Mispred_cond_br:                      680446
Mispred_penalty_cond_br:              79593004
Conditional_MPKI:                     17.8869
Conditional_MR:                       0.1406
Final Score Run1_Conditional_MPPKI:   2092.2680

Num_ind_br:                           586942
Mispred_ind_br:                       586942
Mispred_penalty_ind_br:              80599036
Indirect_MPKI:                        15.4290
Indirect_MR:                          1.0000
Final Score Run1_Indirect_MPPKI:      2118.7137

Simulation Time: 25 Seconds

********************  CBP3  End   ***********************
Total Simulation Time: 33 Seconds
