********************  CBP3  Start ***********************
Trace:            ../traces/WS04.bz2
Uops to simulate: Whole Trace

Trace is compressed by bzip2.

Loading trace...
Trace: start_cycle:3250697 end_cycle:26546631 start fetch_q:63 alloc_q:63
Trace loaded.

Reader max_mem: 226.88 M
Reader info_mem: 1.04 M

*********  RUN  1   *********
Predictor:2-bit counter indexed by PC, shared hysteresis
config: 32768 prediction table entries, 8192 shared hysteresis entries, 6 KB cost
Trace signature self checking: passed!

Total cycles:                         23295935

Num_Inst:                             42192243
Num_Uops:                             50000001

Num_cond_br:                          4100952
Mispred_cond_br:                      1264407
Mispred_penalty_cond_br:              88548968
Conditional_MPKI:                     29.9678
Conditional_MR:                       0.3083
Final Score Run1_Conditional_MPPKI:   2098.7026

Num_ind_br:                           282254
Mispred_ind_br:                       282254
Mispred_penalty_ind_br:              22354313
Indirect_MPKI:                        6.6897
Indirect_MR:                          1.0000
Final Score Run1_Indirect_MPPKI:      529.8204

Simulation Time: 30 Seconds

********************  CBP3  End   ***********************
Total Simulation Time: 40 Seconds
